<?xml version="1.0" encoding="UTF-8"?>
<testng-results skipped="0" failed="0" ignored="0" total="1" passed="1">
  <reporter-output>
  </reporter-output>
  <suite name="Suite" duration-ms="58802" started-at="2021-07-25T08:39:31 EET" finished-at="2021-07-25T08:40:30 EET">
    <groups>
    </groups>
    <test name="Android" duration-ms="58802" started-at="2021-07-25T08:39:31 EET" finished-at="2021-07-25T08:40:30 EET">
      <class name="ToDo_Android">
        <test-method status="PASS" signature="Android_setup()[pri:0, instance:ToDo_Android@50b494a6]" name="Android_setup" is-config="true" duration-ms="27621" started-at="2021-07-25T08:39:31 EET" finished-at="2021-07-25T08:39:59 EET">
          <reporter-output>
          </reporter-output>
        </test-method> <!-- Android_setup -->
        <test-method status="PASS" signature="test_add_task()[pri:0, instance:ToDo_Android@50b494a6]" name="test_add_task" duration-ms="31086" started-at="2021-07-25T08:39:59 EET" finished-at="2021-07-25T08:40:30 EET">
          <reporter-output>
          </reporter-output>
        </test-method> <!-- test_add_task -->
        <test-method status="PASS" signature="tearDown()[pri:0, instance:ToDo_Android@50b494a6]" name="tearDown" is-config="true" duration-ms="1" started-at="2021-07-25T08:40:30 EET" finished-at="2021-07-25T08:40:30 EET">
          <reporter-output>
          </reporter-output>
        </test-method> <!-- tearDown -->
      </class> <!-- ToDo_Android -->
    </test> <!-- Android -->
  </suite> <!-- Suite -->
</testng-results>
